<?xml version="1.0" encoding="utf-8"?>
<shfbBuild product="Sandcastle Help File Builder" version="2015.5.2.0" projectFile="E:\Source\NETMF\Libs\ModbusLib2\Main\ModbusLibHelp\ModbusLibHelp.shfbproj" started="02.09.2015 10:20:23">
<buildStep step="Initializing">
Finding tools...
The Sandcastle tools are located in &#39;C:\Program Files (x86)\EWSoftware\Sandcastle Help File Builder\&#39;
Searching for HTML Help 1 compiler...
Found HTML Help 1 compiler in &#39;C:\Program Files (x86)\HTML Help Workshop\&#39;
Locating components in the following folder(s):
   E:\Source\NETMF\Libs\ModbusLib2\Main\ModbusLibHelp
Using presentation style &#39;VS2013&#39; located in &#39;C:\Program Files (x86)\EWSoftware\Sandcastle Help File Builder\PresentationStyles\VS2013&#39;
Loading and initializing plug-ins...
Lightweight Website Style Version 2015.5.2.0
Copyright &#169; 2006-2015, Eric Woodruff, All Rights Reserved
Portions Copyright &#169; 2014, Sam Harwell, All Rights Reserved
</buildStep>
<buildStep step="ValidatingDocumentationSources">
Validating and copying documentation source information
Source: E:\Source\NETMF\Libs\ModbusLib2\Main\Modbus\Modbus.Netmf.csproj
    Found project &#39;E:\Source\NETMF\Libs\ModbusLib2\Main\Modbus\Modbus.Netmf.csproj&#39;

Parsing project files
    Found assembly &#39;E:\Source\NETMF\Libs\ModbusLib2\Main\Modbus\bin\Release\Modbus.Netmf.dll&#39;

References to include (excluding framework assemblies):
    None

Copying XML comments files
    E:\Source\NETMF\Libs\ModbusLib2\Main\Modbus\bin\Release\Modbus.Netmf.XML -&gt; E:\Source\NETMF\Libs\ModbusLib2\Main\ModbusLibHelp\Help\Working\Modbus.Netmf.XML
</buildStep>
<buildStep step="GenerateSharedContent">
Generating shared content files (en-US, English (United States))...
<plugIn name="Lightweight Website Style" behavior="After" priority="1000">
</plugIn>    Last step completed in 00:00:00,0475
</buildStep>
<buildStep step="GenerateApiFilter">
Generating API filter for MRefBuilder...
    Last step completed in 00:00:00,0070
</buildStep>
<buildStep step="GenerateReflectionInfo">
Generating reflection information...
[C:\Program Files (x86)\MSBuild\14.0\bin\MSBuild.exe]
Der Buildvorgang wurde am 02.09.2015 10:20:25 gestartet.
Projekt &quot;E:\Source\NETMF\Libs\ModbusLib2\Main\ModbusLibHelp\Help\Working\GenerateRefInfo.proj&quot; auf Knoten &quot;1&quot; (Standardziele).
PrepareForBuild:
  Das Verzeichnis &quot;obj\Debug\&quot; wird erstellt.
GenerateRefInfo:
  MRefBuilder (v2015.5.2.0)
  Copyright &#184; 2006-2015, Microsoft Corporation, All Rights Reserved.
  Portions Copyright &#184; 2006-2014, Eric Woodruff, All Rights Reserved.
  Loaded 1 assemblies for reflection and 0 dependency assemblies.
  Wrote information on 2 namespaces, 15 types, and 149 members
  Die Datei wird von &quot;reflection.org&quot; in &quot;reflection.all&quot; kopiert.
  XslTransform (v2015.5.2.0)
  Copyright &#184; 2006-2015, Microsoft Corporation, All Rights Reserved.
  Portions Copyright &#184; 2006-2014, Eric Woodruff, All Rights Reserved.
  Applying XSL transformation &#39;C:\Program Files (x86)\EWSoftware\Sandcastle Help File Builder\ProductionTransforms\MergeDuplicates.xsl&#39;.
Die Erstellung von Projekt &quot;E:\Source\NETMF\Libs\ModbusLib2\Main\ModbusLibHelp\Help\Working\GenerateRefInfo.proj&quot; ist abgeschlossen (Standardziele).

Der Buildvorgang wurde erfolgreich ausgefhrt.

Verstrichene Zeit 00:00:00.72
    Last step completed in 00:00:00,8826
</buildStep>
<buildStep step="TransformReflectionInfo">
Transforming reflection output...
[C:\Program Files (x86)\MSBuild\14.0\bin\MSBuild.exe]
Der Buildvorgang wurde am 02.09.2015 10:20:26 gestartet.
Projekt &quot;E:\Source\NETMF\Libs\ModbusLib2\Main\ModbusLibHelp\Help\Working\TransformManifest.proj&quot; auf Knoten &quot;1&quot; (Standardziele).
TransformManifest:
  XslTransform (v2015.5.2.0)
  Copyright &#184; 2006-2015, Microsoft Corporation, All Rights Reserved.
  Portions Copyright &#184; 2006-2014, Eric Woodruff, All Rights Reserved.
  Applying XSL transformation &#39;C:\Program Files (x86)\EWSoftware\Sandcastle Help File Builder\\ProductionTransforms\ApplyVSDocModel.xsl&#39;.
  Die Datei wird von &quot;reflection.xml&quot; in &quot;reflection.nofilenames&quot; kopiert.
  XslTransform (v2015.5.2.0)
  Copyright &#184; 2006-2015, Microsoft Corporation, All Rights Reserved.
  Portions Copyright &#184; 2006-2014, Eric Woodruff, All Rights Reserved.
  Applying XSL transformation &#39;C:\Program Files (x86)\EWSoftware\Sandcastle Help File Builder\ProductionTransforms\AddFilenames.xsl&#39;.
  XslTransform (v2015.5.2.0)
  Copyright &#184; 2006-2015, Microsoft Corporation, All Rights Reserved.
  Portions Copyright &#184; 2006-2014, Eric Woodruff, All Rights Reserved.
  Applying XSL transformation &#39;C:\Program Files (x86)\EWSoftware\Sandcastle Help File Builder\ProductionTransforms\ReflectionToManifest.xsl&#39;.
Die Erstellung von Projekt &quot;E:\Source\NETMF\Libs\ModbusLib2\Main\ModbusLibHelp\Help\Working\TransformManifest.proj&quot; ist abgeschlossen (Standardziele).

Der Buildvorgang wurde erfolgreich ausgefhrt.

Verstrichene Zeit 00:00:00.40
    Last step completed in 00:00:00,5479
</buildStep>
<buildStep step="GenerateNamespaceSummaries">
Generating namespace summary information...
    Last step completed in 00:00:00,4173
</buildStep>
<buildStep step="CopyConceptualContent">
Copying conceptual content...
Copying standard token shared content file...
Checking for other token files...
Checking for code snippets files...
Copying images and creating the media map file...
Generating conceptual topic files
    Parsing topic file &#39;E:\Source\NETMF\Libs\ModbusLib2\Main\ModbusLibHelp\Content\Welcome.aml&#39;
    E:\Source\NETMF\Libs\ModbusLib2\Main\ModbusLibHelp\Content\Welcome.aml -&gt; E:\Source\NETMF\Libs\ModbusLib2\Main\ModbusLibHelp\Help\Working\ddueXml\9cc691ba-73f7-43da-8b4e-c538e7932c5c.xml
    Parsing topic file &#39;E:\Source\NETMF\Libs\ModbusLib2\Main\ModbusLibHelp\Content\VersionHistory\VersionHistory.aml&#39;
    E:\Source\NETMF\Libs\ModbusLib2\Main\ModbusLibHelp\Content\VersionHistory\VersionHistory.aml -&gt; E:\Source\NETMF\Libs\ModbusLib2\Main\ModbusLibHelp\Help\Working\ddueXml\4003ea3f-5730-415e-b77f-49d54e2361c3.xml
    Parsing topic file &#39;E:\Source\NETMF\Libs\ModbusLib2\Main\ModbusLibHelp\Content\VersionHistory\v1.0.0.0.aml&#39;
    E:\Source\NETMF\Libs\ModbusLib2\Main\ModbusLibHelp\Content\VersionHistory\v1.0.0.0.aml -&gt; E:\Source\NETMF\Libs\ModbusLib2\Main\ModbusLibHelp\Help\Working\ddueXml\d57e3a92-595b-49b7-a29c-e20109133dd1.xml
    Parsing topic file &#39;E:\Source\NETMF\Libs\ModbusLib2\Main\ModbusLibHelp\Content\VersionHistory\v1.0.1.0.aml&#39;
    E:\Source\NETMF\Libs\ModbusLib2\Main\ModbusLibHelp\Content\VersionHistory\v1.0.1.0.aml -&gt; E:\Source\NETMF\Libs\ModbusLib2\Main\ModbusLibHelp\Help\Working\ddueXml\4e30fc38-c2b7-4f95-9c60-d6755957ba4f.xml
    Parsing topic file &#39;E:\Source\NETMF\Libs\ModbusLib2\Main\ModbusLibHelp\Content\VersionHistory\v1.0.2.0.aml&#39;
    E:\Source\NETMF\Libs\ModbusLib2\Main\ModbusLibHelp\Content\VersionHistory\v1.0.2.0.aml -&gt; E:\Source\NETMF\Libs\ModbusLib2\Main\ModbusLibHelp\Help\Working\ddueXml\823d6ea0-97fc-468e-90ca-da27017c7e51.xml
    Parsing topic file &#39;E:\Source\NETMF\Libs\ModbusLib2\Main\ModbusLibHelp\Content\VersionHistory\v1.0.3.0.aml&#39;
    E:\Source\NETMF\Libs\ModbusLib2\Main\ModbusLibHelp\Content\VersionHistory\v1.0.3.0.aml -&gt; E:\Source\NETMF\Libs\ModbusLib2\Main\ModbusLibHelp\Help\Working\ddueXml\035442f5-bf39-40b9-9ae5-cd44b7f171db.xml
    Last step completed in 00:00:00,0891
</buildStep>
<buildStep step="CreateConceptualTopicConfigs">
Creating conceptual topic configuration files...
    Companion files
    _ContentMetadata_.xml
    ConceptualManifest.xml
    Last step completed in 00:00:00,0470
</buildStep>
<buildStep step="CopyAdditionalContent">
Copying additional content files...
E:\Source\NETMF\Libs\ModbusLib2\Main\ModbusLibHelp\icons\Help.png -&gt; E:\Source\NETMF\Libs\ModbusLib2\Main\ModbusLibHelp\Help\Working\Output\HtmlHelp1\icons\Help.png
    Last step completed in 00:00:00,0551
</buildStep>
<buildStep step="MergeTablesOfContents">
Merging conceptual and additional tables of contents...
    Last step completed in 00:00:00,0040
</buildStep>
<buildStep step="GenerateIntermediateTableOfContents">
Generating intermediate table of contents file...
[C:\Program Files (x86)\MSBuild\14.0\bin\MSBuild.exe]
Der Buildvorgang wurde am 02.09.2015 10:20:27 gestartet.
Projekt &quot;E:\Source\NETMF\Libs\ModbusLib2\Main\ModbusLibHelp\Help\Working\GenerateIntermediateTOC.proj&quot; auf Knoten &quot;1&quot; (Standardziele).
GenerateIntermediateTOC:
  XslTransform (v2015.5.2.0)
  Copyright &#184; 2006-2015, Microsoft Corporation, All Rights Reserved.
  Portions Copyright &#184; 2006-2014, Eric Woodruff, All Rights Reserved.
  Applying XSL transformation &#39;C:\Program Files (x86)\EWSoftware\Sandcastle Help File Builder\\ProductionTransforms\CreateVSToc.xsl&#39;.
Die Erstellung von Projekt &quot;E:\Source\NETMF\Libs\ModbusLib2\Main\ModbusLibHelp\Help\Working\GenerateIntermediateTOC.proj&quot; ist abgeschlossen (Standardziele).

Der Buildvorgang wurde erfolgreich ausgefhrt.

Verstrichene Zeit 00:00:00.12
Generating conceptual content intermediate TOC file...
    Last step completed in 00:00:00,2830
</buildStep>
<buildStep step="CreateBuildAssemblerConfigs">
Creating Sandcastle configuration files...
    sandcastle.config
    conceptual.config
    Last step completed in 00:00:00,2982
</buildStep>
<buildStep step="MergeCustomConfigs">
Merging custom build component configurations
E:\Source\NETMF\Libs\ModbusLib2\Main\ModbusLibHelp\Help\Working\sandcastle.config
E:\Source\NETMF\Libs\ModbusLib2\Main\ModbusLibHelp\Help\Working\conceptual.config
    Removing unused ExampleComponent.
    Last step completed in 00:00:00,9056
</buildStep>
<buildStep step="BuildConceptualTopics">
Building conceptual help topics...
[C:\Program Files (x86)\MSBuild\14.0\bin\MSBuild.exe]
Der Buildvorgang wurde am 02.09.2015 10:20:28 gestartet.
Projekt &quot;E:\Source\NETMF\Libs\ModbusLib2\Main\ModbusLibHelp\Help\Working\BuildConceptualTopics.proj&quot; auf Knoten &quot;1&quot; (Standardziele).
BuildConceptualTopics:
  BuildAssembler (v2015.5.2.0)
  Copyright &#184; 2006-2015, Microsoft Corporation, All Rights Reserved.
  Portions Copyright &#184; 2006-2014, Eric Woodruff, All Rights Reserved.
  Loading configuration...
  ResolveReferenceLinksComponent: The MSDN content ID cache &#39;C:\Users\reinhard.ostermeier\AppData\Local\EWSoftware\Sandcastle Help File Builder\Cache\MsdnContentId.cache&#39; does not exist yet.  All IDs will be looked up in this build which will slow it down.
  Processing topics...
  Processed 6 topic(s)
  CopyFromIndexComponent: &quot;metadata&quot; in-memory cache entries used: 1 of 15.
Die Erstellung von Projekt &quot;E:\Source\NETMF\Libs\ModbusLib2\Main\ModbusLibHelp\Help\Working\BuildConceptualTopics.proj&quot; ist abgeschlossen (Standardziele).

Der Buildvorgang wurde erfolgreich ausgefhrt.

Verstrichene Zeit 00:00:01.48
    Last step completed in 00:00:01,9915
</buildStep>
<buildStep step="BuildReferenceTopics">
Building reference help topics...
[C:\Program Files (x86)\MSBuild\14.0\bin\MSBuild.exe]
Der Buildvorgang wurde am 02.09.2015 10:20:30 gestartet.
Projekt &quot;E:\Source\NETMF\Libs\ModbusLib2\Main\ModbusLibHelp\Help\Working\BuildReferenceTopics.proj&quot; auf Knoten &quot;1&quot; (Standardziele).
BuildReferenceTopics:
  BuildAssembler (v2015.5.2.0)
  Copyright &#184; 2006-2015, Microsoft Corporation, All Rights Reserved.
  Portions Copyright &#184; 2006-2014, Eric Woodruff, All Rights Reserved.
  Loading configuration...
  ResolveReferenceLinksComponent: The MSDN content ID cache &#39;C:\Users\reinhard.ostermeier\AppData\Local\EWSoftware\Sandcastle Help File Builder\Cache\MsdnContentId.cache&#39; does not exist yet.  All IDs will be looked up in this build which will slow it down.
  Processing topics...
BuildAssembler : warning : ShowMissingComponent: [M:Osre.Modbus.ModbusDevice.OnCustomTelegram(Osre.Modbus.Interface.IModbusInterface,System.Boolean,System.Byte[],System.Int16,System.Object,Osre.Modbus.ModbusFunctionCode,System.Int16,System.Int16)] Missing &lt;returns&gt; documentation [E:\Source\NETMF\Libs\ModbusLib2\Main\ModbusLibHelp\Help\Working\BuildReferenceTopics.proj]
BuildAssembler : warning : ShowMissingComponent: [M:Osre.Modbus.ModbusMaster.SendReceive(System.Byte,Osre.Modbus.ModbusFunctionCode,System.Int32,System.Int16,System.Int16,System.Object,System.Int16@)] Missing &lt;returns&gt; documentation [E:\Source\NETMF\Libs\ModbusLib2\Main\ModbusLibHelp\Help\Working\BuildReferenceTopics.proj]
BuildAssembler : warning : ShowMissingComponent: [M:Osre.Modbus.Interface.IModbusInterface.PrepareRead] Missing &lt;summary&gt; documentation [E:\Source\NETMF\Libs\ModbusLib2\Main\ModbusLibHelp\Help\Working\BuildReferenceTopics.proj]
BuildAssembler : warning : ShowMissingComponent: [M:Osre.Modbus.Interface.IModbusInterface.PrepareWrite] Missing &lt;summary&gt; documentation [E:\Source\NETMF\Libs\ModbusLib2\Main\ModbusLibHelp\Help\Working\BuildReferenceTopics.proj]
BuildAssembler : warning : ShowMissingComponent: [M:Osre.Modbus.Interface.ModbusRtuInterface.PrepareRead] Missing &lt;summary&gt; documentation [E:\Source\NETMF\Libs\ModbusLib2\Main\ModbusLibHelp\Help\Working\BuildReferenceTopics.proj]
BuildAssembler : warning : ShowMissingComponent: [M:Osre.Modbus.Interface.ModbusRtuInterface.PrepareWrite] Missing &lt;summary&gt; documentation [E:\Source\NETMF\Libs\ModbusLib2\Main\ModbusLibHelp\Help\Working\BuildReferenceTopics.proj]
BuildAssembler : warning : ShowMissingComponent: [M:Osre.Modbus.Interface.ModbusTcpInterface.PrepareRead] Missing &lt;summary&gt; documentation [E:\Source\NETMF\Libs\ModbusLib2\Main\ModbusLibHelp\Help\Working\BuildReferenceTopics.proj]
BuildAssembler : warning : ShowMissingComponent: [M:Osre.Modbus.Interface.ModbusTcpInterface.PrepareWrite] Missing &lt;summary&gt; documentation [E:\Source\NETMF\Libs\ModbusLib2\Main\ModbusLibHelp\Help\Working\BuildReferenceTopics.proj]
  Processed 150 topic(s)
  8 warning(s)
  CopyFromIndexComponent: &quot;reflection&quot; in-memory cache entries used: 6 of 15.
  CopyFromIndexComponent: &quot;comments&quot; in-memory cache entries used: 1 of 30.
  ResolveReferenceLinksComponent: New MSDN content ID cache size: 24 entries
Die Erstellung von Projekt &quot;E:\Source\NETMF\Libs\ModbusLib2\Main\ModbusLibHelp\Help\Working\BuildReferenceTopics.proj&quot; ist abgeschlossen (Standardziele).

Der Buildvorgang wurde erfolgreich ausgefhrt.

Verstrichene Zeit 00:00:39.40
    Last step completed in 00:00:39,5615
</buildStep>
<buildStep step="CombiningIntermediateTocFiles">
Combining conceptual and API intermediate TOC files...
    Last step completed in 00:00:00,0080
</buildStep>
<buildStep step="ExtractingHtmlInfo">
Extracting HTML info for HTML Help 1 and/or website...
[C:\Program Files (x86)\MSBuild\14.0\bin\MSBuild.exe]
Sandcastle Help File Builder, version 2015.5.2.0
Copyright &#184; 2006-2015, Eric Woodruff, All Rights Reserved
E-Mail: Eric@EWoodruff.us

Using LCID &#39;1033&#39;, code page &#39;65001&#39;, encoding charset &#39;UTF-8&#39;.

Processing Help 1 files in E:\Source\NETMF\Libs\ModbusLib2\Main\ModbusLibHelp\Help\Working\Output\HtmlHelp1
Processed 156 HTML files
Sorting keywords and generating See Also indices
Saving HTML Help 1 keyword index to E:\Source\NETMF\Libs\ModbusLib2\Main\ModbusLibHelp\Help\Working\ModbusLibHelp.hhk
Saving HTML Help 1 table of contents to E:\Source\NETMF\Libs\ModbusLib2\Main\ModbusLibHelp\Help\Working\ModbusLibHelp.hhc
    Last step completed in 00:00:00,9867
</buildStep>
<buildStep step="CopyStandardHelpContent">
Copying standard help content...
C:\Program Files (x86)\EWSoftware\Sandcastle Help File Builder\PresentationStyles\VS2013\icons\AlertCaution.png -&gt; E:\Source\NETMF\Libs\ModbusLib2\Main\ModbusLibHelp\Help\Working\Output\HtmlHelp1\icons\AlertCaution.png
C:\Program Files (x86)\EWSoftware\Sandcastle Help File Builder\PresentationStyles\VS2013\icons\AlertNote.png -&gt; E:\Source\NETMF\Libs\ModbusLib2\Main\ModbusLibHelp\Help\Working\Output\HtmlHelp1\icons\AlertNote.png
C:\Program Files (x86)\EWSoftware\Sandcastle Help File Builder\PresentationStyles\VS2013\icons\AlertSecurity.png -&gt; E:\Source\NETMF\Libs\ModbusLib2\Main\ModbusLibHelp\Help\Working\Output\HtmlHelp1\icons\AlertSecurity.png
C:\Program Files (x86)\EWSoftware\Sandcastle Help File Builder\PresentationStyles\VS2013\icons\CFW.gif -&gt; E:\Source\NETMF\Libs\ModbusLib2\Main\ModbusLibHelp\Help\Working\Output\HtmlHelp1\icons\CFW.gif
C:\Program Files (x86)\EWSoftware\Sandcastle Help File Builder\PresentationStyles\VS2013\icons\CodeExample.png -&gt; E:\Source\NETMF\Libs\ModbusLib2\Main\ModbusLibHelp\Help\Working\Output\HtmlHelp1\icons\CodeExample.png
C:\Program Files (x86)\EWSoftware\Sandcastle Help File Builder\PresentationStyles\VS2013\icons\favicon.ico -&gt; E:\Source\NETMF\Libs\ModbusLib2\Main\ModbusLibHelp\Help\Working\Output\HtmlHelp1\icons\favicon.ico
C:\Program Files (x86)\EWSoftware\Sandcastle Help File Builder\PresentationStyles\VS2013\icons\privclass.gif -&gt; E:\Source\NETMF\Libs\ModbusLib2\Main\ModbusLibHelp\Help\Working\Output\HtmlHelp1\icons\privclass.gif
C:\Program Files (x86)\EWSoftware\Sandcastle Help File Builder\PresentationStyles\VS2013\icons\privdelegate.gif -&gt; E:\Source\NETMF\Libs\ModbusLib2\Main\ModbusLibHelp\Help\Working\Output\HtmlHelp1\icons\privdelegate.gif
C:\Program Files (x86)\EWSoftware\Sandcastle Help File Builder\PresentationStyles\VS2013\icons\privenumeration.gif -&gt; E:\Source\NETMF\Libs\ModbusLib2\Main\ModbusLibHelp\Help\Working\Output\HtmlHelp1\icons\privenumeration.gif
C:\Program Files (x86)\EWSoftware\Sandcastle Help File Builder\PresentationStyles\VS2013\icons\privevent.gif -&gt; E:\Source\NETMF\Libs\ModbusLib2\Main\ModbusLibHelp\Help\Working\Output\HtmlHelp1\icons\privevent.gif
C:\Program Files (x86)\EWSoftware\Sandcastle Help File Builder\PresentationStyles\VS2013\icons\privextension.gif -&gt; E:\Source\NETMF\Libs\ModbusLib2\Main\ModbusLibHelp\Help\Working\Output\HtmlHelp1\icons\privextension.gif
C:\Program Files (x86)\EWSoftware\Sandcastle Help File Builder\PresentationStyles\VS2013\icons\privfield.gif -&gt; E:\Source\NETMF\Libs\ModbusLib2\Main\ModbusLibHelp\Help\Working\Output\HtmlHelp1\icons\privfield.gif
C:\Program Files (x86)\EWSoftware\Sandcastle Help File Builder\PresentationStyles\VS2013\icons\privinterface.gif -&gt; E:\Source\NETMF\Libs\ModbusLib2\Main\ModbusLibHelp\Help\Working\Output\HtmlHelp1\icons\privinterface.gif
C:\Program Files (x86)\EWSoftware\Sandcastle Help File Builder\PresentationStyles\VS2013\icons\privmethod.gif -&gt; E:\Source\NETMF\Libs\ModbusLib2\Main\ModbusLibHelp\Help\Working\Output\HtmlHelp1\icons\privmethod.gif
C:\Program Files (x86)\EWSoftware\Sandcastle Help File Builder\PresentationStyles\VS2013\icons\privproperty.gif -&gt; E:\Source\NETMF\Libs\ModbusLib2\Main\ModbusLibHelp\Help\Working\Output\HtmlHelp1\icons\privproperty.gif
C:\Program Files (x86)\EWSoftware\Sandcastle Help File Builder\PresentationStyles\VS2013\icons\privstructure.gif -&gt; E:\Source\NETMF\Libs\ModbusLib2\Main\ModbusLibHelp\Help\Working\Output\HtmlHelp1\icons\privstructure.gif
C:\Program Files (x86)\EWSoftware\Sandcastle Help File Builder\PresentationStyles\VS2013\icons\protclass.gif -&gt; E:\Source\NETMF\Libs\ModbusLib2\Main\ModbusLibHelp\Help\Working\Output\HtmlHelp1\icons\protclass.gif
C:\Program Files (x86)\EWSoftware\Sandcastle Help File Builder\PresentationStyles\VS2013\icons\protdelegate.gif -&gt; E:\Source\NETMF\Libs\ModbusLib2\Main\ModbusLibHelp\Help\Working\Output\HtmlHelp1\icons\protdelegate.gif
C:\Program Files (x86)\EWSoftware\Sandcastle Help File Builder\PresentationStyles\VS2013\icons\protenumeration.gif -&gt; E:\Source\NETMF\Libs\ModbusLib2\Main\ModbusLibHelp\Help\Working\Output\HtmlHelp1\icons\protenumeration.gif
C:\Program Files (x86)\EWSoftware\Sandcastle Help File Builder\PresentationStyles\VS2013\icons\protevent.gif -&gt; E:\Source\NETMF\Libs\ModbusLib2\Main\ModbusLibHelp\Help\Working\Output\HtmlHelp1\icons\protevent.gif
C:\Program Files (x86)\EWSoftware\Sandcastle Help File Builder\PresentationStyles\VS2013\icons\protextension.gif -&gt; E:\Source\NETMF\Libs\ModbusLib2\Main\ModbusLibHelp\Help\Working\Output\HtmlHelp1\icons\protextension.gif
C:\Program Files (x86)\EWSoftware\Sandcastle Help File Builder\PresentationStyles\VS2013\icons\protfield.gif -&gt; E:\Source\NETMF\Libs\ModbusLib2\Main\ModbusLibHelp\Help\Working\Output\HtmlHelp1\icons\protfield.gif
C:\Program Files (x86)\EWSoftware\Sandcastle Help File Builder\PresentationStyles\VS2013\icons\protinterface.gif -&gt; E:\Source\NETMF\Libs\ModbusLib2\Main\ModbusLibHelp\Help\Working\Output\HtmlHelp1\icons\protinterface.gif
C:\Program Files (x86)\EWSoftware\Sandcastle Help File Builder\PresentationStyles\VS2013\icons\protmethod.gif -&gt; E:\Source\NETMF\Libs\ModbusLib2\Main\ModbusLibHelp\Help\Working\Output\HtmlHelp1\icons\protmethod.gif
C:\Program Files (x86)\EWSoftware\Sandcastle Help File Builder\PresentationStyles\VS2013\icons\protoperator.gif -&gt; E:\Source\NETMF\Libs\ModbusLib2\Main\ModbusLibHelp\Help\Working\Output\HtmlHelp1\icons\protoperator.gif
C:\Program Files (x86)\EWSoftware\Sandcastle Help File Builder\PresentationStyles\VS2013\icons\protproperty.gif -&gt; E:\Source\NETMF\Libs\ModbusLib2\Main\ModbusLibHelp\Help\Working\Output\HtmlHelp1\icons\protproperty.gif
C:\Program Files (x86)\EWSoftware\Sandcastle Help File Builder\PresentationStyles\VS2013\icons\protstructure.gif -&gt; E:\Source\NETMF\Libs\ModbusLib2\Main\ModbusLibHelp\Help\Working\Output\HtmlHelp1\icons\protstructure.gif
C:\Program Files (x86)\EWSoftware\Sandcastle Help File Builder\PresentationStyles\VS2013\icons\pubclass.gif -&gt; E:\Source\NETMF\Libs\ModbusLib2\Main\ModbusLibHelp\Help\Working\Output\HtmlHelp1\icons\pubclass.gif
C:\Program Files (x86)\EWSoftware\Sandcastle Help File Builder\PresentationStyles\VS2013\icons\pubdelegate.gif -&gt; E:\Source\NETMF\Libs\ModbusLib2\Main\ModbusLibHelp\Help\Working\Output\HtmlHelp1\icons\pubdelegate.gif
C:\Program Files (x86)\EWSoftware\Sandcastle Help File Builder\PresentationStyles\VS2013\icons\pubenumeration.gif -&gt; E:\Source\NETMF\Libs\ModbusLib2\Main\ModbusLibHelp\Help\Working\Output\HtmlHelp1\icons\pubenumeration.gif
C:\Program Files (x86)\EWSoftware\Sandcastle Help File Builder\PresentationStyles\VS2013\icons\pubevent.gif -&gt; E:\Source\NETMF\Libs\ModbusLib2\Main\ModbusLibHelp\Help\Working\Output\HtmlHelp1\icons\pubevent.gif
C:\Program Files (x86)\EWSoftware\Sandcastle Help File Builder\PresentationStyles\VS2013\icons\pubextension.gif -&gt; E:\Source\NETMF\Libs\ModbusLib2\Main\ModbusLibHelp\Help\Working\Output\HtmlHelp1\icons\pubextension.gif
C:\Program Files (x86)\EWSoftware\Sandcastle Help File Builder\PresentationStyles\VS2013\icons\pubfield.gif -&gt; E:\Source\NETMF\Libs\ModbusLib2\Main\ModbusLibHelp\Help\Working\Output\HtmlHelp1\icons\pubfield.gif
C:\Program Files (x86)\EWSoftware\Sandcastle Help File Builder\PresentationStyles\VS2013\icons\pubinterface.gif -&gt; E:\Source\NETMF\Libs\ModbusLib2\Main\ModbusLibHelp\Help\Working\Output\HtmlHelp1\icons\pubinterface.gif
C:\Program Files (x86)\EWSoftware\Sandcastle Help File Builder\PresentationStyles\VS2013\icons\pubmethod.gif -&gt; E:\Source\NETMF\Libs\ModbusLib2\Main\ModbusLibHelp\Help\Working\Output\HtmlHelp1\icons\pubmethod.gif
C:\Program Files (x86)\EWSoftware\Sandcastle Help File Builder\PresentationStyles\VS2013\icons\puboperator.gif -&gt; E:\Source\NETMF\Libs\ModbusLib2\Main\ModbusLibHelp\Help\Working\Output\HtmlHelp1\icons\puboperator.gif
C:\Program Files (x86)\EWSoftware\Sandcastle Help File Builder\PresentationStyles\VS2013\icons\pubproperty.gif -&gt; E:\Source\NETMF\Libs\ModbusLib2\Main\ModbusLibHelp\Help\Working\Output\HtmlHelp1\icons\pubproperty.gif
C:\Program Files (x86)\EWSoftware\Sandcastle Help File Builder\PresentationStyles\VS2013\icons\pubstructure.gif -&gt; E:\Source\NETMF\Libs\ModbusLib2\Main\ModbusLibHelp\Help\Working\Output\HtmlHelp1\icons\pubstructure.gif
C:\Program Files (x86)\EWSoftware\Sandcastle Help File Builder\PresentationStyles\VS2013\icons\SectionCollapsed.png -&gt; E:\Source\NETMF\Libs\ModbusLib2\Main\ModbusLibHelp\Help\Working\Output\HtmlHelp1\icons\SectionCollapsed.png
C:\Program Files (x86)\EWSoftware\Sandcastle Help File Builder\PresentationStyles\VS2013\icons\SectionExpanded.png -&gt; E:\Source\NETMF\Libs\ModbusLib2\Main\ModbusLibHelp\Help\Working\Output\HtmlHelp1\icons\SectionExpanded.png
C:\Program Files (x86)\EWSoftware\Sandcastle Help File Builder\PresentationStyles\VS2013\icons\slMobile.gif -&gt; E:\Source\NETMF\Libs\ModbusLib2\Main\ModbusLibHelp\Help\Working\Output\HtmlHelp1\icons\slMobile.gif
C:\Program Files (x86)\EWSoftware\Sandcastle Help File Builder\PresentationStyles\VS2013\icons\static.gif -&gt; E:\Source\NETMF\Libs\ModbusLib2\Main\ModbusLibHelp\Help\Working\Output\HtmlHelp1\icons\static.gif
C:\Program Files (x86)\EWSoftware\Sandcastle Help File Builder\PresentationStyles\VS2013\icons\xna.gif -&gt; E:\Source\NETMF\Libs\ModbusLib2\Main\ModbusLibHelp\Help\Working\Output\HtmlHelp1\icons\xna.gif
C:\Program Files (x86)\EWSoftware\Sandcastle Help File Builder\PresentationStyles\VS2013\scripts\branding.js -&gt; E:\Source\NETMF\Libs\ModbusLib2\Main\ModbusLibHelp\Help\Working\Output\HtmlHelp1\scripts\branding.js
C:\Program Files (x86)\EWSoftware\Sandcastle Help File Builder\PresentationStyles\VS2013\styles\branding-cs-CZ.css -&gt; E:\Source\NETMF\Libs\ModbusLib2\Main\ModbusLibHelp\Help\Working\Output\HtmlHelp1\styles\branding-cs-CZ.css
C:\Program Files (x86)\EWSoftware\Sandcastle Help File Builder\PresentationStyles\VS2013\styles\branding-de-DE.css -&gt; E:\Source\NETMF\Libs\ModbusLib2\Main\ModbusLibHelp\Help\Working\Output\HtmlHelp1\styles\branding-de-DE.css
C:\Program Files (x86)\EWSoftware\Sandcastle Help File Builder\PresentationStyles\VS2013\styles\branding-en-US.css -&gt; E:\Source\NETMF\Libs\ModbusLib2\Main\ModbusLibHelp\Help\Working\Output\HtmlHelp1\styles\branding-en-US.css
C:\Program Files (x86)\EWSoftware\Sandcastle Help File Builder\PresentationStyles\VS2013\styles\branding-es-ES.css -&gt; E:\Source\NETMF\Libs\ModbusLib2\Main\ModbusLibHelp\Help\Working\Output\HtmlHelp1\styles\branding-es-ES.css
C:\Program Files (x86)\EWSoftware\Sandcastle Help File Builder\PresentationStyles\VS2013\styles\branding-fr-FR.css -&gt; E:\Source\NETMF\Libs\ModbusLib2\Main\ModbusLibHelp\Help\Working\Output\HtmlHelp1\styles\branding-fr-FR.css
C:\Program Files (x86)\EWSoftware\Sandcastle Help File Builder\PresentationStyles\VS2013\styles\branding-Help1.css -&gt; E:\Source\NETMF\Libs\ModbusLib2\Main\ModbusLibHelp\Help\Working\Output\HtmlHelp1\styles\branding-Help1.css
C:\Program Files (x86)\EWSoftware\Sandcastle Help File Builder\PresentationStyles\VS2013\styles\branding-Help2.css -&gt; E:\Source\NETMF\Libs\ModbusLib2\Main\ModbusLibHelp\Help\Working\Output\HtmlHelp1\styles\branding-Help2.css
C:\Program Files (x86)\EWSoftware\Sandcastle Help File Builder\PresentationStyles\VS2013\styles\branding-HelpViewer.css -&gt; E:\Source\NETMF\Libs\ModbusLib2\Main\ModbusLibHelp\Help\Working\Output\HtmlHelp1\styles\branding-HelpViewer.css
C:\Program Files (x86)\EWSoftware\Sandcastle Help File Builder\PresentationStyles\VS2013\styles\branding-it-IT.css -&gt; E:\Source\NETMF\Libs\ModbusLib2\Main\ModbusLibHelp\Help\Working\Output\HtmlHelp1\styles\branding-it-IT.css
C:\Program Files (x86)\EWSoftware\Sandcastle Help File Builder\PresentationStyles\VS2013\styles\branding-ja-JP.css -&gt; E:\Source\NETMF\Libs\ModbusLib2\Main\ModbusLibHelp\Help\Working\Output\HtmlHelp1\styles\branding-ja-JP.css
C:\Program Files (x86)\EWSoftware\Sandcastle Help File Builder\PresentationStyles\VS2013\styles\branding-ko-KR.css -&gt; E:\Source\NETMF\Libs\ModbusLib2\Main\ModbusLibHelp\Help\Working\Output\HtmlHelp1\styles\branding-ko-KR.css
C:\Program Files (x86)\EWSoftware\Sandcastle Help File Builder\PresentationStyles\VS2013\styles\branding-pl-PL.css -&gt; E:\Source\NETMF\Libs\ModbusLib2\Main\ModbusLibHelp\Help\Working\Output\HtmlHelp1\styles\branding-pl-PL.css
C:\Program Files (x86)\EWSoftware\Sandcastle Help File Builder\PresentationStyles\VS2013\styles\branding-pt-BR.css -&gt; E:\Source\NETMF\Libs\ModbusLib2\Main\ModbusLibHelp\Help\Working\Output\HtmlHelp1\styles\branding-pt-BR.css
C:\Program Files (x86)\EWSoftware\Sandcastle Help File Builder\PresentationStyles\VS2013\styles\branding-ru-RU.css -&gt; E:\Source\NETMF\Libs\ModbusLib2\Main\ModbusLibHelp\Help\Working\Output\HtmlHelp1\styles\branding-ru-RU.css
C:\Program Files (x86)\EWSoftware\Sandcastle Help File Builder\PresentationStyles\VS2013\styles\branding-tr-TR.css -&gt; E:\Source\NETMF\Libs\ModbusLib2\Main\ModbusLibHelp\Help\Working\Output\HtmlHelp1\styles\branding-tr-TR.css
C:\Program Files (x86)\EWSoftware\Sandcastle Help File Builder\PresentationStyles\VS2013\styles\branding-Website.css -&gt; E:\Source\NETMF\Libs\ModbusLib2\Main\ModbusLibHelp\Help\Working\Output\HtmlHelp1\styles\branding-Website.css
C:\Program Files (x86)\EWSoftware\Sandcastle Help File Builder\PresentationStyles\VS2013\styles\branding-zh-CN.css -&gt; E:\Source\NETMF\Libs\ModbusLib2\Main\ModbusLibHelp\Help\Working\Output\HtmlHelp1\styles\branding-zh-CN.css
C:\Program Files (x86)\EWSoftware\Sandcastle Help File Builder\PresentationStyles\VS2013\styles\branding-zh-TW.css -&gt; E:\Source\NETMF\Libs\ModbusLib2\Main\ModbusLibHelp\Help\Working\Output\HtmlHelp1\styles\branding-zh-TW.css
C:\Program Files (x86)\EWSoftware\Sandcastle Help File Builder\PresentationStyles\VS2013\styles\branding.css -&gt; E:\Source\NETMF\Libs\ModbusLib2\Main\ModbusLibHelp\Help\Working\Output\HtmlHelp1\styles\branding.css
    Last step completed in 00:00:00,5614
</buildStep>
<buildStep step="GenerateHelpFormatTableOfContents">
Generating HTML Help 1 table of contents file...
    Last step completed in 00:00:00,0000
</buildStep>
<buildStep step="GenerateHelpFileIndex">
Generating HTML Help 1 index file...
    Last step completed in 00:00:00,0000
</buildStep>
<buildStep step="GenerateHelpProject">
Generating HTML Help 1 project file...
    Last step completed in 00:00:00,0110
</buildStep>
<buildStep step="CompilingHelpFile">
Compiling HTML Help 1 file...
[C:\Program Files (x86)\MSBuild\14.0\bin\MSBuild.exe]
  Microsoft HTML Help Compiler 4.74.8702
  
  
  
  Compiling e:\Source\NETMF\Libs\ModbusLib2\Main\ModbusLibHelp\Help\Working\Output\HtmlHelp1\ModbusLibHelp.chm
  
  
  
  
  
  Compile time: 0 minutes, 1 second
  
  158	Topics
  
  1,821	Local links
  
  504	Internet links
  
  0	Graphics
  
  
  
  
  
  Created e:\Source\NETMF\Libs\ModbusLib2\Main\ModbusLibHelp\Help\Working\Output\HtmlHelp1\ModbusLibHelp.chm, 237,018 bytes
  
  Compression decreased file by 1,029,528 bytes.
  
    Last step completed in 00:00:02,0655
</buildStep>
<buildStep step="CleanIntermediates">
Removing intermediate files...
    Last step completed in 00:00:00,0921
</buildStep>
<buildStep step="Completed">

Build completed successfully at 02.09.2015 10:21:13.  Total time: 00:00:50,6088

</buildStep>
</shfbBuild>
